时间:2019-02-13 10:53:45,241 
级别:INFO 
类名:Tapai.Service.Current 
内容:Start=>开启定时任务! 

时间:2019-02-13 10:53:45,316 
级别:INFO 
类名:Tapai.Service.Current 
内容:发送积分清零通知开始：2019/2/13 10:53:45,当前线程ID：6 

时间:2019-02-13 10:53:45,334 
级别:INFO 
类名:Tapai.Service.Current 
内容:线程：0,实际数量：1 

时间:2019-02-13 10:53:45,336 
级别:INFO 
类名:Tapai.Service.Current 
内容:推送数据：用户=>ojv3nwKfnam_dmOHdl-P-uf-rt6s,清零积分=>9900 

时间:2019-02-13 10:53:46,080 
级别:INFO 
类名:Tapai.Service.Current 
内容:推送结果：{"errcode":41001,"errmsg":"41001access_token missing hint: [y_JyvA04258011!]","IsSuccess":false} 

时间:2019-02-13 10:58:45,323 
级别:INFO 
类名:Tapai.Service.Current 
内容:发送积分清零通知开始：2019/2/13 10:58:45,当前线程ID：6 

时间:2019-02-13 10:58:45,339 
级别:INFO 
类名:Tapai.Service.Current 
内容:线程：0,实际数量：1 

时间:2019-02-13 10:58:45,339 
级别:INFO 
类名:Tapai.Service.Current 
内容:推送数据：用户=>ojv3nwKfnam_dmOHdl-P-uf-rt6s,清零积分=>9900 

时间:2019-02-13 10:58:45,987 
级别:INFO 
类名:Tapai.Service.Current 
内容:推送结果：{"errcode":41001,"errmsg":"41001access_token missing hint: [KeMJSa07258879!]","IsSuccess":false} 

时间:2019-02-13 10:59:00,007 
级别:INFO 
类名:Tapai.Service.Current 
内容:积分清零开始：2019/2/13 10:59:00,当前线程ID：7 

时间:2019-02-13 10:59:00,022 
级别:INFO 
类名:Tapai.Service.Current 
内容:线程：0,实际数量：1 

时间:2019-02-13 10:59:00,039 
级别:INFO 
类名:Tapai.Service.Current 
内容:清零结果：用户=>ojv3nwKfnam_dmOHdl-P-uf-rt6s,清零积分=>9900,结果=>True 

时间:2019-02-13 11:03:45,331 
级别:INFO 
类名:Tapai.Service.Current 
内容:发送积分清零通知开始：2019/2/13 11:03:45,当前线程ID：6 

时间:2019-02-13 11:08:45,330 
级别:INFO 
类名:Tapai.Service.Current 
内容:发送积分清零通知开始：2019/2/13 11:08:45,当前线程ID：6 

时间:2019-02-13 11:13:45,339 
级别:INFO 
类名:Tapai.Service.Current 
内容:发送积分清零通知开始：2019/2/13 11:13:45,当前线程ID：6 

时间:2019-02-13 11:18:45,341 
级别:INFO 
类名:Tapai.Service.Current 
内容:发送积分清零通知开始：2019/2/13 11:18:45,当前线程ID：6 

时间:2019-02-13 11:23:45,355 
级别:INFO 
类名:Tapai.Service.Current 
内容:发送积分清零通知开始：2019/2/13 11:23:45,当前线程ID：6 

时间:2019-02-13 11:28:45,369 
级别:INFO 
类名:Tapai.Service.Current 
内容:发送积分清零通知开始：2019/2/13 11:28:45,当前线程ID：6 

时间:2019-02-13 11:33:45,364 
级别:INFO 
类名:Tapai.Service.Current 
内容:发送积分清零通知开始：2019/2/13 11:33:45,当前线程ID：6 

时间:2019-02-13 11:38:45,383 
级别:INFO 
类名:Tapai.Service.Current 
内容:发送积分清零通知开始：2019/2/13 11:38:45,当前线程ID：6 

时间:2019-02-13 11:43:45,383 
级别:INFO 
类名:Tapai.Service.Current 
内容:发送积分清零通知开始：2019/2/13 11:43:45,当前线程ID：6 

时间:2019-02-13 11:48:45,383 
级别:INFO 
类名:Tapai.Service.Current 
内容:发送积分清零通知开始：2019/2/13 11:48:45,当前线程ID：6 

时间:2019-02-13 11:53:45,383 
级别:INFO 
类名:Tapai.Service.Current 
内容:发送积分清零通知开始：2019/2/13 11:53:45,当前线程ID：6 

时间:2019-02-13 11:58:45,390 
级别:INFO 
类名:Tapai.Service.Current 
内容:发送积分清零通知开始：2019/2/13 11:58:45,当前线程ID：6 

时间:2019-02-13 12:03:45,398 
级别:INFO 
类名:Tapai.Service.Current 
内容:发送积分清零通知开始：2019/2/13 12:03:45,当前线程ID：6 

时间:2019-02-13 12:08:45,397 
级别:INFO 
类名:Tapai.Service.Current 
内容:发送积分清零通知开始：2019/2/13 12:08:45,当前线程ID：6 

时间:2019-02-13 12:13:45,410 
级别:INFO 
类名:Tapai.Service.Current 
内容:发送积分清零通知开始：2019/2/13 12:13:45,当前线程ID：6 

时间:2019-02-13 12:18:45,403 
级别:INFO 
类名:Tapai.Service.Current 
内容:发送积分清零通知开始：2019/2/13 12:18:45,当前线程ID：6 

时间:2019-02-13 12:23:45,416 
级别:INFO 
类名:Tapai.Service.Current 
内容:发送积分清零通知开始：2019/2/13 12:23:45,当前线程ID：6 

时间:2019-02-13 12:28:45,425 
级别:INFO 
类名:Tapai.Service.Current 
内容:发送积分清零通知开始：2019/2/13 12:28:45,当前线程ID：6 

时间:2019-02-13 12:33:45,424 
级别:INFO 
类名:Tapai.Service.Current 
内容:发送积分清零通知开始：2019/2/13 12:33:45,当前线程ID：6 

时间:2019-02-13 12:38:45,439 
级别:INFO 
类名:Tapai.Service.Current 
内容:发送积分清零通知开始：2019/2/13 12:38:45,当前线程ID：6 

时间:2019-02-13 12:43:45,450 
级别:INFO 
类名:Tapai.Service.Current 
内容:发送积分清零通知开始：2019/2/13 12:43:45,当前线程ID：6 

时间:2019-02-13 12:48:45,462 
级别:INFO 
类名:Tapai.Service.Current 
内容:发送积分清零通知开始：2019/2/13 12:48:45,当前线程ID：6 

时间:2019-02-13 12:53:45,462 
级别:INFO 
类名:Tapai.Service.Current 
内容:发送积分清零通知开始：2019/2/13 12:53:45,当前线程ID：6 

时间:2019-02-13 12:58:45,473 
级别:INFO 
类名:Tapai.Service.Current 
内容:发送积分清零通知开始：2019/2/13 12:58:45,当前线程ID：6 

时间:2019-02-13 13:03:45,480 
级别:INFO 
类名:Tapai.Service.Current 
内容:发送积分清零通知开始：2019/2/13 13:03:45,当前线程ID：6 

时间:2019-02-13 13:08:45,479 
级别:INFO 
类名:Tapai.Service.Current 
内容:发送积分清零通知开始：2019/2/13 13:08:45,当前线程ID：6 

时间:2019-02-13 13:13:45,494 
级别:INFO 
类名:Tapai.Service.Current 
内容:发送积分清零通知开始：2019/2/13 13:13:45,当前线程ID：6 

时间:2019-02-13 13:18:45,497 
级别:INFO 
类名:Tapai.Service.Current 
内容:发送积分清零通知开始：2019/2/13 13:18:45,当前线程ID：6 

时间:2019-02-13 13:23:45,509 
级别:INFO 
类名:Tapai.Service.Current 
内容:发送积分清零通知开始：2019/2/13 13:23:45,当前线程ID：6 

时间:2019-02-13 13:28:45,509 
级别:INFO 
类名:Tapai.Service.Current 
内容:发送积分清零通知开始：2019/2/13 13:28:45,当前线程ID：6 

时间:2019-02-13 13:33:45,519 
级别:INFO 
类名:Tapai.Service.Current 
内容:发送积分清零通知开始：2019/2/13 13:33:45,当前线程ID：6 

时间:2019-02-13 13:38:45,546 
级别:INFO 
类名:Tapai.Service.Current 
内容:发送积分清零通知开始：2019/2/13 13:38:45,当前线程ID：6 

时间:2019-02-13 13:43:45,546 
级别:INFO 
类名:Tapai.Service.Current 
内容:发送积分清零通知开始：2019/2/13 13:43:45,当前线程ID：6 

时间:2019-02-13 13:48:45,562 
级别:INFO 
类名:Tapai.Service.Current 
内容:发送积分清零通知开始：2019/2/13 13:48:45,当前线程ID：6 

时间:2019-02-13 13:53:45,569 
级别:INFO 
类名:Tapai.Service.Current 
内容:发送积分清零通知开始：2019/2/13 13:53:45,当前线程ID：6 

时间:2019-02-13 13:58:45,580 
级别:INFO 
类名:Tapai.Service.Current 
内容:发送积分清零通知开始：2019/2/13 13:58:45,当前线程ID：6 

时间:2019-02-13 14:03:45,596 
级别:INFO 
类名:Tapai.Service.Current 
内容:发送积分清零通知开始：2019/2/13 14:03:45,当前线程ID：6 

时间:2019-02-13 14:08:45,598 
级别:INFO 
类名:Tapai.Service.Current 
内容:发送积分清零通知开始：2019/2/13 14:08:45,当前线程ID：6 

时间:2019-02-13 14:13:45,613 
级别:INFO 
类名:Tapai.Service.Current 
内容:发送积分清零通知开始：2019/2/13 14:13:45,当前线程ID：6 

时间:2019-02-13 14:18:45,608 
级别:INFO 
类名:Tapai.Service.Current 
内容:发送积分清零通知开始：2019/2/13 14:18:45,当前线程ID：6 

时间:2019-02-13 14:23:45,621 
级别:INFO 
类名:Tapai.Service.Current 
内容:发送积分清零通知开始：2019/2/13 14:23:45,当前线程ID：6 

时间:2019-02-13 14:28:45,621 
级别:INFO 
类名:Tapai.Service.Current 
内容:发送积分清零通知开始：2019/2/13 14:28:45,当前线程ID：6 

时间:2019-02-13 14:33:45,635 
级别:INFO 
类名:Tapai.Service.Current 
内容:发送积分清零通知开始：2019/2/13 14:33:45,当前线程ID：6 

时间:2019-02-13 14:38:45,645 
级别:INFO 
类名:Tapai.Service.Current 
内容:发送积分清零通知开始：2019/2/13 14:38:45,当前线程ID：6 

时间:2019-02-13 14:43:45,639 
级别:INFO 
类名:Tapai.Service.Current 
内容:发送积分清零通知开始：2019/2/13 14:43:45,当前线程ID：6 

时间:2019-02-13 14:46:12,620 
级别:INFO 
类名:Tapai.Service.Current 
内容:Stop=>任务已被取消! 

时间:2019-02-13 14:46:12,626 
级别:INFO 
类名:Tapai.Service.Current 
内容:RunReset=>取消任务! 

